Analysis & Synthesis report for variable_freqdiv
Wed Nov 29 16:46:55 2023
Quartus Prime Version 20.1.0 Build 711 06/05/2020 SJ Lite Edition


---------------------
; Table of Contents ;
---------------------
  1. Legal Notice
  2. Analysis & Synthesis Summary
  3. Analysis & Synthesis Settings
  4. Parallel Compilation
  5. Analysis & Synthesis Source Files Read
  6. Analysis & Synthesis Resource Usage Summary
  7. Analysis & Synthesis Resource Utilization by Entity
  8. User-Specified and Inferred Latches
  9. General Register Statistics
 10. Parameter Settings for User Entity Instance: LPM_COUNTER:div_M
 11. Parameter Settings for User Entity Instance: LPM_COUNTER:div_M11
 12. Parameter Settings for User Entity Instance: LPM_LATCH:inst4
 13. Parameter Settings for User Entity Instance: LPM_COUNTER:div_M10
 14. Parameter Settings for User Entity Instance: LPM_LATCH:inst5
 15. Post-Synthesis Netlist Statistics for Top Partition
 16. Elapsed Time Per Partition
 17. Analysis & Synthesis Messages



----------------
; Legal Notice ;
----------------
Copyright (C) 2020  Intel Corporation. All rights reserved.
Your use of Intel Corporation's design tools, logic functions 
and other software and tools, and any partner logic 
functions, and any output files from any of the foregoing 
(including device programming or simulation files), and any 
associated documentation or information are expressly subject 
to the terms and conditions of the Intel Program License 
Subscription Agreement, the Intel Quartus Prime License Agreement,
the Intel FPGA IP License Agreement, or other applicable license
agreement, including, without limitation, that your use is for
the sole purpose of programming logic devices manufactured by
Intel and sold by Intel or its authorized distributors.  Please
refer to the applicable agreement for further details, at
https://fpgasoftware.intel.com/eula.



+----------------------------------------------------------------------------------+
; Analysis & Synthesis Summary                                                     ;
+------------------------------------+---------------------------------------------+
; Analysis & Synthesis Status        ; Successful - Wed Nov 29 16:46:55 2023       ;
; Quartus Prime Version              ; 20.1.0 Build 711 06/05/2020 SJ Lite Edition ;
; Revision Name                      ; variable_freqdiv                            ;
; Top-level Entity Name              ; variable_freqdiv                            ;
; Family                             ; MAX 10                                      ;
; Total logic elements               ; 41                                          ;
;     Total combinational functions  ; 41                                          ;
;     Dedicated logic registers      ; 18                                          ;
; Total registers                    ; 18                                          ;
; Total pins                         ; 12                                          ;
; Total virtual pins                 ; 0                                           ;
; Total memory bits                  ; 0                                           ;
; Embedded Multiplier 9-bit elements ; 0                                           ;
; Total PLLs                         ; 1                                           ;
; UFM blocks                         ; 0                                           ;
; ADC blocks                         ; 0                                           ;
+------------------------------------+---------------------------------------------+


+------------------------------------------------------------------------------------------------------------+
; Analysis & Synthesis Settings                                                                              ;
+------------------------------------------------------------------+--------------------+--------------------+
; Option                                                           ; Setting            ; Default Value      ;
+------------------------------------------------------------------+--------------------+--------------------+
; Device                                                           ; 10M02SCM153C8G     ;                    ;
; Top-level entity name                                            ; variable_freqdiv   ; variable_freqdiv   ;
; Family name                                                      ; MAX 10             ; Cyclone V          ;
; Use smart compilation                                            ; Off                ; Off                ;
; Enable parallel Assembler and Timing Analyzer during compilation ; On                 ; On                 ;
; Enable compact report table                                      ; Off                ; Off                ;
; Restructure Multiplexers                                         ; Auto               ; Auto               ;
; Create Debugging Nodes for IP Cores                              ; Off                ; Off                ;
; Preserve fewer node names                                        ; On                 ; On                 ;
; Intel FPGA IP Evaluation Mode                                    ; Enable             ; Enable             ;
; Verilog Version                                                  ; Verilog_2001       ; Verilog_2001       ;
; VHDL Version                                                     ; VHDL_1993          ; VHDL_1993          ;
; State Machine Processing                                         ; Auto               ; Auto               ;
; Safe State Machine                                               ; Off                ; Off                ;
; Extract Verilog State Machines                                   ; On                 ; On                 ;
; Extract VHDL State Machines                                      ; On                 ; On                 ;
; Ignore Verilog initial constructs                                ; Off                ; Off                ;
; Iteration limit for constant Verilog loops                       ; 5000               ; 5000               ;
; Iteration limit for non-constant Verilog loops                   ; 250                ; 250                ;
; Add Pass-Through Logic to Inferred RAMs                          ; On                 ; On                 ;
; Infer RAMs from Raw Logic                                        ; On                 ; On                 ;
; Parallel Synthesis                                               ; On                 ; On                 ;
; DSP Block Balancing                                              ; Auto               ; Auto               ;
; NOT Gate Push-Back                                               ; On                 ; On                 ;
; Power-Up Don't Care                                              ; On                 ; On                 ;
; Remove Redundant Logic Cells                                     ; Off                ; Off                ;
; Remove Duplicate Registers                                       ; On                 ; On                 ;
; Ignore CARRY Buffers                                             ; Off                ; Off                ;
; Ignore CASCADE Buffers                                           ; Off                ; Off                ;
; Ignore GLOBAL Buffers                                            ; Off                ; Off                ;
; Ignore ROW GLOBAL Buffers                                        ; Off                ; Off                ;
; Ignore LCELL Buffers                                             ; Off                ; Off                ;
; Ignore SOFT Buffers                                              ; On                 ; On                 ;
; Limit AHDL Integers to 32 Bits                                   ; Off                ; Off                ;
; Optimization Technique                                           ; Balanced           ; Balanced           ;
; Carry Chain Length                                               ; 70                 ; 70                 ;
; Auto Carry Chains                                                ; On                 ; On                 ;
; Auto Open-Drain Pins                                             ; On                 ; On                 ;
; Perform WYSIWYG Primitive Resynthesis                            ; Off                ; Off                ;
; Auto ROM Replacement                                             ; On                 ; On                 ;
; Auto RAM Replacement                                             ; On                 ; On                 ;
; Auto DSP Block Replacement                                       ; On                 ; On                 ;
; Auto Shift Register Replacement                                  ; Auto               ; Auto               ;
; Allow Shift Register Merging across Hierarchies                  ; Auto               ; Auto               ;
; Auto Clock Enable Replacement                                    ; On                 ; On                 ;
; Strict RAM Replacement                                           ; Off                ; Off                ;
; Allow Synchronous Control Signals                                ; On                 ; On                 ;
; Force Use of Synchronous Clear Signals                           ; Off                ; Off                ;
; Auto RAM Block Balancing                                         ; On                 ; On                 ;
; Auto RAM to Logic Cell Conversion                                ; Off                ; Off                ;
; Auto Resource Sharing                                            ; Off                ; Off                ;
; Allow Any RAM Size For Recognition                               ; Off                ; Off                ;
; Allow Any ROM Size For Recognition                               ; Off                ; Off                ;
; Allow Any Shift Register Size For Recognition                    ; Off                ; Off                ;
; Use LogicLock Constraints during Resource Balancing              ; On                 ; On                 ;
; Ignore translate_off and synthesis_off directives                ; Off                ; Off                ;
; Timing-Driven Synthesis                                          ; On                 ; On                 ;
; Report Parameter Settings                                        ; On                 ; On                 ;
; Report Source Assignments                                        ; On                 ; On                 ;
; Report Connectivity Checks                                       ; On                 ; On                 ;
; Ignore Maximum Fan-Out Assignments                               ; Off                ; Off                ;
; Synchronization Register Chain Length                            ; 2                  ; 2                  ;
; Power Optimization During Synthesis                              ; Normal compilation ; Normal compilation ;
; HDL message level                                                ; Level2             ; Level2             ;
; Suppress Register Optimization Related Messages                  ; Off                ; Off                ;
; Number of Removed Registers Reported in Synthesis Report         ; 5000               ; 5000               ;
; Number of Swept Nodes Reported in Synthesis Report               ; 5000               ; 5000               ;
; Number of Inverted Registers Reported in Synthesis Report        ; 100                ; 100                ;
; Clock MUX Protection                                             ; On                 ; On                 ;
; Auto Gated Clock Conversion                                      ; Off                ; Off                ;
; Block Design Naming                                              ; Auto               ; Auto               ;
; SDC constraint protection                                        ; Off                ; Off                ;
; Synthesis Effort                                                 ; Auto               ; Auto               ;
; Shift Register Replacement - Allow Asynchronous Clear Signal     ; On                 ; On                 ;
; Pre-Mapping Resynthesis Optimization                             ; Off                ; Off                ;
; Analysis & Synthesis Message Level                               ; Medium             ; Medium             ;
; Disable Register Merging Across Hierarchies                      ; Auto               ; Auto               ;
; Resource Aware Inference For Block RAM                           ; On                 ; On                 ;
+------------------------------------------------------------------+--------------------+--------------------+


+------------------------------------------+
; Parallel Compilation                     ;
+----------------------------+-------------+
; Processors                 ; Number      ;
+----------------------------+-------------+
; Number detected on machine ; 20          ;
; Maximum allowed            ; 14          ;
;                            ;             ;
; Average used               ; 1.00        ;
; Maximum used               ; 14          ;
;                            ;             ;
; Usage by Processor         ; % Time Used ;
;     Processor 1            ; 100.0%      ;
;     Processor 2            ;   0.0%      ;
;     Processors 3-14        ;   0.0%      ;
+----------------------------+-------------+


+----------------------------------------------------------------------------------------------------------------------------------------------------------------------------------------+
; Analysis & Synthesis Source Files Read                                                                                                                                                 ;
+----------------------------------+-----------------+------------------------------------+------------------------------------------------------------------------------------+---------+
; File Name with User-Entered Path ; Used in Netlist ; File Type                          ; File Name with Absolute Path                                                       ; Library ;
+----------------------------------+-----------------+------------------------------------+------------------------------------------------------------------------------------+---------+
; variable_freqdiv.bdf             ; yes             ; User Block Diagram/Schematic File  ; C:/Users/a_hui/source/repos/dotNET-PLL-Synth/variable_freqdiv/variable_freqdiv.bdf ;         ;
; clk_bypass.bdf                   ; yes             ; User Block Diagram/Schematic File  ; C:/Users/a_hui/source/repos/dotNET-PLL-Synth/variable_freqdiv/clk_bypass.bdf       ;         ;
; lpm_counter.tdf                  ; yes             ; Megafunction                       ; c:/intelfpga_lite/20.1/quartus/libraries/megafunctions/lpm_counter.tdf             ;         ;
; lpm_constant.inc                 ; yes             ; Megafunction                       ; c:/intelfpga_lite/20.1/quartus/libraries/megafunctions/lpm_constant.inc            ;         ;
; lpm_decode.inc                   ; yes             ; Megafunction                       ; c:/intelfpga_lite/20.1/quartus/libraries/megafunctions/lpm_decode.inc              ;         ;
; lpm_add_sub.inc                  ; yes             ; Megafunction                       ; c:/intelfpga_lite/20.1/quartus/libraries/megafunctions/lpm_add_sub.inc             ;         ;
; cmpconst.inc                     ; yes             ; Megafunction                       ; c:/intelfpga_lite/20.1/quartus/libraries/megafunctions/cmpconst.inc                ;         ;
; lpm_compare.inc                  ; yes             ; Megafunction                       ; c:/intelfpga_lite/20.1/quartus/libraries/megafunctions/lpm_compare.inc             ;         ;
; lpm_counter.inc                  ; yes             ; Megafunction                       ; c:/intelfpga_lite/20.1/quartus/libraries/megafunctions/lpm_counter.inc             ;         ;
; dffeea.inc                       ; yes             ; Megafunction                       ; c:/intelfpga_lite/20.1/quartus/libraries/megafunctions/dffeea.inc                  ;         ;
; alt_counter_stratix.inc          ; yes             ; Megafunction                       ; c:/intelfpga_lite/20.1/quartus/libraries/megafunctions/alt_counter_stratix.inc     ;         ;
; aglobal201.inc                   ; yes             ; Megafunction                       ; c:/intelfpga_lite/20.1/quartus/libraries/megafunctions/aglobal201.inc              ;         ;
; db/cntr_cki.tdf                  ; yes             ; Auto-Generated Megafunction        ; C:/Users/a_hui/source/repos/dotNET-PLL-Synth/variable_freqdiv/db/cntr_cki.tdf      ;         ;
; db/cntr_ehj.tdf                  ; yes             ; Auto-Generated Megafunction        ; C:/Users/a_hui/source/repos/dotNET-PLL-Synth/variable_freqdiv/db/cntr_ehj.tdf      ;         ;
; lpm_latch.tdf                    ; yes             ; Megafunction                       ; c:/intelfpga_lite/20.1/quartus/libraries/megafunctions/lpm_latch.tdf               ;         ;
+----------------------------------+-----------------+------------------------------------+------------------------------------------------------------------------------------+---------+


+----------------------------------------------------------------------------------------------------------------+
; Analysis & Synthesis Resource Usage Summary                                                                    ;
+---------------------------------------------+------------------------------------------------------------------+
; Resource                                    ; Usage                                                            ;
+---------------------------------------------+------------------------------------------------------------------+
; Estimated Total logic elements              ; 41                                                               ;
;                                             ;                                                                  ;
; Total combinational functions               ; 41                                                               ;
; Logic element usage by number of LUT inputs ;                                                                  ;
;     -- 4 input functions                    ; 4                                                                ;
;     -- 3 input functions                    ; 12                                                               ;
;     -- <=2 input functions                  ; 25                                                               ;
;                                             ;                                                                  ;
; Logic elements by mode                      ;                                                                  ;
;     -- normal mode                          ; 23                                                               ;
;     -- arithmetic mode                      ; 18                                                               ;
;                                             ;                                                                  ;
; Total registers                             ; 18                                                               ;
;     -- Dedicated logic registers            ; 18                                                               ;
;     -- I/O registers                        ; 0                                                                ;
;                                             ;                                                                  ;
; I/O pins                                    ; 12                                                               ;
;                                             ;                                                                  ;
; Embedded Multiplier 9-bit elements          ; 0                                                                ;
;                                             ;                                                                  ;
; Total PLLs                                  ; 1                                                                ;
;     -- PLLs                                 ; 1                                                                ;
;                                             ;                                                                  ;
; Maximum fan-out node                        ; lpm_counter:div_M11|cntr_ehj:auto_generated|counter_comb_bita5~0 ;
; Maximum fan-out                             ; 7                                                                ;
; Total fan-out                               ; 172                                                              ;
; Average fan-out                             ; 2.05                                                             ;
+---------------------------------------------+------------------------------------------------------------------+


+----------------------------------------------------------------------------------------------------------------------------------------------------------------------------------------------------------------------------------------------------------------------------------------+
; Analysis & Synthesis Resource Utilization by Entity                                                                                                                                                                                                                                    ;
+---------------------------------+---------------------+---------------------------+-------------+------------+--------------+---------+-----------+------+--------------+------------+---------------------------------------------------------------+------------------+--------------+
; Compilation Hierarchy Node      ; Combinational ALUTs ; Dedicated Logic Registers ; Memory Bits ; UFM Blocks ; DSP Elements ; DSP 9x9 ; DSP 18x18 ; Pins ; Virtual Pins ; ADC blocks ; Full Hierarchy Name                                           ; Entity Name      ; Library Name ;
+---------------------------------+---------------------+---------------------------+-------------+------------+--------------+---------+-----------+------+--------------+------------+---------------------------------------------------------------+------------------+--------------+
; |variable_freqdiv               ; 41 (2)              ; 18 (0)                    ; 0           ; 0          ; 0            ; 0       ; 0         ; 12   ; 0            ; 0          ; |variable_freqdiv                                             ; variable_freqdiv ; work         ;
;    |clk_bypass:inst8|           ; 3 (3)               ; 0 (0)                     ; 0           ; 0          ; 0            ; 0       ; 0         ; 0    ; 0            ; 0          ; |variable_freqdiv|clk_bypass:inst8                            ; clk_bypass       ; work         ;
;    |clk_bypass:inst|            ; 3 (3)               ; 0 (0)                     ; 0           ; 0          ; 0            ; 0       ; 0         ; 0    ; 0            ; 0          ; |variable_freqdiv|clk_bypass:inst                             ; clk_bypass       ; work         ;
;    |lpm_counter:div_M10|        ; 7 (0)               ; 6 (0)                     ; 0           ; 0          ; 0            ; 0       ; 0         ; 0    ; 0            ; 0          ; |variable_freqdiv|lpm_counter:div_M10                         ; lpm_counter      ; work         ;
;       |cntr_cki:auto_generated| ; 7 (7)               ; 6 (6)                     ; 0           ; 0          ; 0            ; 0       ; 0         ; 0    ; 0            ; 0          ; |variable_freqdiv|lpm_counter:div_M10|cntr_cki:auto_generated ; cntr_cki         ; work         ;
;    |lpm_counter:div_M11|        ; 7 (0)               ; 6 (0)                     ; 0           ; 0          ; 0            ; 0       ; 0         ; 0    ; 0            ; 0          ; |variable_freqdiv|lpm_counter:div_M11                         ; lpm_counter      ; work         ;
;       |cntr_ehj:auto_generated| ; 7 (7)               ; 6 (6)                     ; 0           ; 0          ; 0            ; 0       ; 0         ; 0    ; 0            ; 0          ; |variable_freqdiv|lpm_counter:div_M11|cntr_ehj:auto_generated ; cntr_ehj         ; work         ;
;    |lpm_counter:div_M|          ; 7 (0)               ; 6 (0)                     ; 0           ; 0          ; 0            ; 0       ; 0         ; 0    ; 0            ; 0          ; |variable_freqdiv|lpm_counter:div_M                           ; lpm_counter      ; work         ;
;       |cntr_cki:auto_generated| ; 7 (7)               ; 6 (6)                     ; 0           ; 0          ; 0            ; 0       ; 0         ; 0    ; 0            ; 0          ; |variable_freqdiv|lpm_counter:div_M|cntr_cki:auto_generated   ; cntr_cki         ; work         ;
;    |lpm_latch:inst4|            ; 6 (6)               ; 0 (0)                     ; 0           ; 0          ; 0            ; 0       ; 0         ; 0    ; 0            ; 0          ; |variable_freqdiv|lpm_latch:inst4                             ; lpm_latch        ; work         ;
;    |lpm_latch:inst5|            ; 6 (6)               ; 0 (0)                     ; 0           ; 0          ; 0            ; 0       ; 0         ; 0    ; 0            ; 0          ; |variable_freqdiv|lpm_latch:inst5                             ; lpm_latch        ; work         ;
+---------------------------------+---------------------+---------------------------+-------------+------------+--------------+---------+-----------+------+--------------+------------+---------------------------------------------------------------+------------------+--------------+
Note: For table entries with two numbers listed, the numbers in parentheses indicate the number of resources of the given type used by the specific entity alone. The numbers listed outside of parentheses indicate the total resources of the given type used by the specific entity and all of its sub-entities in the hierarchy.


+----------------------------------------------------------------------------------------------------+
; User-Specified and Inferred Latches                                                                ;
+-----------------------------------------------------+---------------------+------------------------+
; Latch Name                                          ; Latch Enable Signal ; Free of Timing Hazards ;
+-----------------------------------------------------+---------------------+------------------------+
; lpm_latch:inst4|latches[5]                          ; M_set               ; yes                    ;
; lpm_latch:inst4|latches[4]                          ; M_set               ; yes                    ;
; lpm_latch:inst4|latches[3]                          ; M_set               ; yes                    ;
; lpm_latch:inst4|latches[2]                          ; M_set               ; yes                    ;
; lpm_latch:inst4|latches[1]                          ; M_set               ; yes                    ;
; lpm_latch:inst4|latches[0]                          ; M_set               ; yes                    ;
; lpm_latch:inst5|latches[5]                          ; N_set               ; yes                    ;
; lpm_latch:inst5|latches[4]                          ; N_set               ; yes                    ;
; lpm_latch:inst5|latches[3]                          ; N_set               ; yes                    ;
; lpm_latch:inst5|latches[2]                          ; N_set               ; yes                    ;
; lpm_latch:inst5|latches[1]                          ; N_set               ; yes                    ;
; lpm_latch:inst5|latches[0]                          ; N_set               ; yes                    ;
; Number of user-specified and inferred latches = 12  ;                     ;                        ;
+-----------------------------------------------------+---------------------+------------------------+
Note: All latches listed above may not be present at the end of synthesis due to various synthesis optimizations.


+------------------------------------------------------+
; General Register Statistics                          ;
+----------------------------------------------+-------+
; Statistic                                    ; Value ;
+----------------------------------------------+-------+
; Total registers                              ; 18    ;
; Number of registers using Synchronous Clear  ; 0     ;
; Number of registers using Synchronous Load   ; 12    ;
; Number of registers using Asynchronous Clear ; 0     ;
; Number of registers using Asynchronous Load  ; 0     ;
; Number of registers using Clock Enable       ; 0     ;
; Number of registers using Preset             ; 0     ;
+----------------------------------------------+-------+


+-----------------------------------------------------------------+
; Parameter Settings for User Entity Instance: LPM_COUNTER:div_M  ;
+------------------------+-------------------+--------------------+
; Parameter Name         ; Value             ; Type               ;
+------------------------+-------------------+--------------------+
; AUTO_CARRY_CHAINS      ; ON                ; AUTO_CARRY         ;
; IGNORE_CARRY_BUFFERS   ; OFF               ; IGNORE_CARRY       ;
; AUTO_CASCADE_CHAINS    ; ON                ; AUTO_CASCADE       ;
; IGNORE_CASCADE_BUFFERS ; OFF               ; IGNORE_CASCADE     ;
; LPM_WIDTH              ; 6                 ; Untyped            ;
; LPM_DIRECTION          ; DOWN              ; Untyped            ;
; LPM_MODULUS            ; 0                 ; Untyped            ;
; LPM_AVALUE             ; UNUSED            ; Untyped            ;
; LPM_SVALUE             ; UNUSED            ; Untyped            ;
; LPM_PORT_UPDOWN        ; PORT_CONNECTIVITY ; Untyped            ;
; DEVICE_FAMILY          ; MAX 10            ; Untyped            ;
; CARRY_CHAIN            ; MANUAL            ; Untyped            ;
; CARRY_CHAIN_LENGTH     ; 48                ; CARRY_CHAIN_LENGTH ;
; NOT_GATE_PUSH_BACK     ; ON                ; NOT_GATE_PUSH_BACK ;
; CARRY_CNT_EN           ; SMART             ; Untyped            ;
; LABWIDE_SCLR           ; ON                ; Untyped            ;
; USE_NEW_VERSION        ; TRUE              ; Untyped            ;
; CBXI_PARAMETER         ; cntr_cki          ; Untyped            ;
+------------------------+-------------------+--------------------+
Note: In order to hide this table in the UI and the text report file, please set the "Show Parameter Settings in Synthesis Report" option in "Analysis and Synthesis Settings -> More Settings" to "Off".


+------------------------------------------------------------------+
; Parameter Settings for User Entity Instance: LPM_COUNTER:div_M11 ;
+------------------------+-------------------+---------------------+
; Parameter Name         ; Value             ; Type                ;
+------------------------+-------------------+---------------------+
; AUTO_CARRY_CHAINS      ; ON                ; AUTO_CARRY          ;
; IGNORE_CARRY_BUFFERS   ; OFF               ; IGNORE_CARRY        ;
; AUTO_CASCADE_CHAINS    ; ON                ; AUTO_CASCADE        ;
; IGNORE_CASCADE_BUFFERS ; OFF               ; IGNORE_CASCADE      ;
; LPM_WIDTH              ; 6                 ; Untyped             ;
; LPM_DIRECTION          ; DEFAULT           ; Untyped             ;
; LPM_MODULUS            ; 4000000           ; Untyped             ;
; LPM_AVALUE             ; UNUSED            ; Untyped             ;
; LPM_SVALUE             ; UNUSED            ; Untyped             ;
; LPM_PORT_UPDOWN        ; PORT_CONNECTIVITY ; Untyped             ;
; DEVICE_FAMILY          ; MAX 10            ; Untyped             ;
; CARRY_CHAIN            ; MANUAL            ; Untyped             ;
; CARRY_CHAIN_LENGTH     ; 48                ; CARRY_CHAIN_LENGTH  ;
; NOT_GATE_PUSH_BACK     ; ON                ; NOT_GATE_PUSH_BACK  ;
; CARRY_CNT_EN           ; SMART             ; Untyped             ;
; LABWIDE_SCLR           ; ON                ; Untyped             ;
; USE_NEW_VERSION        ; TRUE              ; Untyped             ;
; CBXI_PARAMETER         ; cntr_ehj          ; Untyped             ;
+------------------------+-------------------+---------------------+
Note: In order to hide this table in the UI and the text report file, please set the "Show Parameter Settings in Synthesis Report" option in "Analysis and Synthesis Settings -> More Settings" to "Off".


+--------------------------------------------------------------+
; Parameter Settings for User Entity Instance: LPM_LATCH:inst4 ;
+----------------+--------+------------------------------------+
; Parameter Name ; Value  ; Type                               ;
+----------------+--------+------------------------------------+
; LPM_WIDTH      ; 6      ; Untyped                            ;
; LPM_AVALUE     ; UNUSED ; Untyped                            ;
+----------------+--------+------------------------------------+
Note: In order to hide this table in the UI and the text report file, please set the "Show Parameter Settings in Synthesis Report" option in "Analysis and Synthesis Settings -> More Settings" to "Off".


+------------------------------------------------------------------+
; Parameter Settings for User Entity Instance: LPM_COUNTER:div_M10 ;
+------------------------+-------------------+---------------------+
; Parameter Name         ; Value             ; Type                ;
+------------------------+-------------------+---------------------+
; AUTO_CARRY_CHAINS      ; ON                ; AUTO_CARRY          ;
; IGNORE_CARRY_BUFFERS   ; OFF               ; IGNORE_CARRY        ;
; AUTO_CASCADE_CHAINS    ; ON                ; AUTO_CASCADE        ;
; IGNORE_CASCADE_BUFFERS ; OFF               ; IGNORE_CASCADE      ;
; LPM_WIDTH              ; 6                 ; Untyped             ;
; LPM_DIRECTION          ; DOWN              ; Untyped             ;
; LPM_MODULUS            ; 0                 ; Untyped             ;
; LPM_AVALUE             ; UNUSED            ; Untyped             ;
; LPM_SVALUE             ; UNUSED            ; Untyped             ;
; LPM_PORT_UPDOWN        ; PORT_CONNECTIVITY ; Untyped             ;
; DEVICE_FAMILY          ; MAX 10            ; Untyped             ;
; CARRY_CHAIN            ; MANUAL            ; Untyped             ;
; CARRY_CHAIN_LENGTH     ; 48                ; CARRY_CHAIN_LENGTH  ;
; NOT_GATE_PUSH_BACK     ; ON                ; NOT_GATE_PUSH_BACK  ;
; CARRY_CNT_EN           ; SMART             ; Untyped             ;
; LABWIDE_SCLR           ; ON                ; Untyped             ;
; USE_NEW_VERSION        ; TRUE              ; Untyped             ;
; CBXI_PARAMETER         ; cntr_cki          ; Untyped             ;
+------------------------+-------------------+---------------------+
Note: In order to hide this table in the UI and the text report file, please set the "Show Parameter Settings in Synthesis Report" option in "Analysis and Synthesis Settings -> More Settings" to "Off".


+--------------------------------------------------------------+
; Parameter Settings for User Entity Instance: LPM_LATCH:inst5 ;
+----------------+--------+------------------------------------+
; Parameter Name ; Value  ; Type                               ;
+----------------+--------+------------------------------------+
; LPM_WIDTH      ; 6      ; Untyped                            ;
; LPM_AVALUE     ; UNUSED ; Untyped                            ;
+----------------+--------+------------------------------------+
Note: In order to hide this table in the UI and the text report file, please set the "Show Parameter Settings in Synthesis Report" option in "Analysis and Synthesis Settings -> More Settings" to "Off".


+-----------------------------------------------------+
; Post-Synthesis Netlist Statistics for Top Partition ;
+-----------------------+-----------------------------+
; Type                  ; Count                       ;
+-----------------------+-----------------------------+
; boundary_port         ; 12                          ;
; cycloneiii_ff         ; 18                          ;
;     SLD               ; 12                          ;
;     plain             ; 6                           ;
; cycloneiii_lcell_comb ; 41                          ;
;     arith             ; 18                          ;
;         1 data inputs ; 2                           ;
;         2 data inputs ; 16                          ;
;     normal            ; 23                          ;
;         0 data inputs ; 3                           ;
;         2 data inputs ; 4                           ;
;         3 data inputs ; 12                          ;
;         4 data inputs ; 4                           ;
; cycloneiii_pll        ; 1                           ;
;                       ;                             ;
; Max LUT depth         ; 2.60                        ;
; Average LUT depth     ; 1.81                        ;
+-----------------------+-----------------------------+


+-------------------------------+
; Elapsed Time Per Partition    ;
+----------------+--------------+
; Partition Name ; Elapsed Time ;
+----------------+--------------+
; Top            ; 00:00:00     ;
+----------------+--------------+


+-------------------------------+
; Analysis & Synthesis Messages ;
+-------------------------------+
Info: *******************************************************************
Info: Running Quartus Prime Analysis & Synthesis
    Info: Version 20.1.0 Build 711 06/05/2020 SJ Lite Edition
    Info: Processing started: Wed Nov 29 16:46:48 2023
Info: Command: quartus_map --read_settings_files=on --write_settings_files=off variable_freqdiv -c variable_freqdiv
Warning (18236): Number of processors has not been specified which may cause overloading on shared machines.  Set the global assignment NUM_PARALLEL_PROCESSORS in your QSF to an appropriate value for best performance.
Info (20030): Parallel compilation is enabled and will use 14 of the 14 processors detected
Info (12021): Found 1 design units, including 1 entities, in source file variable_freqdiv.bdf
    Info (12023): Found entity 1: variable_freqdiv
Info (12021): Found 1 design units, including 1 entities, in source file clk_bypass.bdf
    Info (12023): Found entity 1: clk_bypass
Info (12021): Found 1 design units, including 1 entities, in source file pin_saver.bdf
    Info (12023): Found entity 1: pin_saver
Info (12021): Found 1 design units, including 1 entities, in source file 6bit_shift.bdf
    Info (12023): Found entity 1: 6bit_shift
Info (12127): Elaborating entity "variable_freqdiv" for the top level hierarchy
Warning (275004): Undeclared parameter DEFAULT
Warning (275006): Can't find a definition for parameter LPM_DIRECTION -- assuming DEFAULT was intended to be a quoted string
Info (12128): Elaborating entity "clk_bypass" for hierarchy "clk_bypass:inst"
Info (12128): Elaborating entity "LPM_COUNTER" for hierarchy "LPM_COUNTER:div_M"
Info (12130): Elaborated megafunction instantiation "LPM_COUNTER:div_M"
Info (12133): Instantiated megafunction "LPM_COUNTER:div_M" with the following parameter:
    Info (12134): Parameter "LPM_DIRECTION" = "DOWN"
    Info (12134): Parameter "LPM_WIDTH" = "6"
Info (12021): Found 1 design units, including 1 entities, in source file db/cntr_cki.tdf
    Info (12023): Found entity 1: cntr_cki File: C:/Users/a_hui/source/repos/dotNET-PLL-Synth/variable_freqdiv/db/cntr_cki.tdf Line: 26
Info (12128): Elaborating entity "cntr_cki" for hierarchy "LPM_COUNTER:div_M|cntr_cki:auto_generated" File: c:/intelfpga_lite/20.1/quartus/libraries/megafunctions/lpm_counter.tdf Line: 259
Warning (272007): LPM_MODULUS input value is 4000000. It should be within the range of 1 to 2^6. Assume no modulus input
Info (12128): Elaborating entity "LPM_COUNTER" for hierarchy "LPM_COUNTER:div_M11"
Warning (287001): Assertion warning: Value of LPM_MODULUS parameter (4000000) is too large for a 6-bit counter File: c:/intelfpga_lite/20.1/quartus/libraries/megafunctions/lpm_counter.tdf Line: 449
Info (12130): Elaborated megafunction instantiation "LPM_COUNTER:div_M11"
Info (12133): Instantiated megafunction "LPM_COUNTER:div_M11" with the following parameter:
    Info (12134): Parameter "LPM_DIRECTION" = "DEFAULT"
    Info (12134): Parameter "LPM_MODULUS" = "4000000"
    Info (12134): Parameter "LPM_WIDTH" = "6"
Warning (287001): Assertion warning: LPM_MODULUS input value is 4000000. It should be within the range of 1 to 2^6. Assume no modulus input File: C:/Users/a_hui/source/repos/dotNET-PLL-Synth/variable_freqdiv/db/cntr_ehj.tdf Line: 100
Info (12021): Found 1 design units, including 1 entities, in source file db/cntr_ehj.tdf
    Info (12023): Found entity 1: cntr_ehj File: C:/Users/a_hui/source/repos/dotNET-PLL-Synth/variable_freqdiv/db/cntr_ehj.tdf Line: 26
Info (12128): Elaborating entity "cntr_ehj" for hierarchy "LPM_COUNTER:div_M11|cntr_ehj:auto_generated" File: c:/intelfpga_lite/20.1/quartus/libraries/megafunctions/lpm_counter.tdf Line: 259
Info (12128): Elaborating entity "LPM_LATCH" for hierarchy "LPM_LATCH:inst4"
Info (12130): Elaborated megafunction instantiation "LPM_LATCH:inst4"
Info (12133): Instantiated megafunction "LPM_LATCH:inst4" with the following parameter:
    Info (12134): Parameter "LPM_WIDTH" = "6"
Info (12086): Created PLL "CLK_base~0" from CLKLOCKx1 Input Frequency logic option on input pin "CLK_base"
Info (286030): Timing-Driven Synthesis is running
Info (16010): Generating hard_block partition "hard_block:auto_generated_inst"
    Info (16011): Adding 1 node(s), including 0 DDIO, 1 PLL, 0 transceiver and 0 LCELL
Warning (15899): PLL "CLK_base~0" has parameters clk1_multiply_by and clk1_divide_by specified but port CLK[1] is not connected
Info (21057): Implemented 54 device resources after synthesis - the final resource count might be different
    Info (21058): Implemented 10 input pins
    Info (21059): Implemented 2 output pins
    Info (21061): Implemented 41 logic cells
    Info (21065): Implemented 1 PLLs
Info: Quartus Prime Analysis & Synthesis was successful. 0 errors, 7 warnings
    Info: Peak virtual memory: 4861 megabytes
    Info: Processing ended: Wed Nov 29 16:46:55 2023
    Info: Elapsed time: 00:00:07
    Info: Total CPU time (on all processors): 00:00:14


